Using pre-set license
Built from '2020.3/staging' branch; Version is '2020.3.25f1 (9b9180224418) revision 10195328'; Using compiler version '192528614'; Build Type 'Release'
OS: 'Windows 10  (10.0.19044) 64bit Core' Language: 'en' Physical Memory: 16253 MB
BatchMode: 1, IsHumanControllingUs: 0, StartBugReporterOnCrash: 0, Is64bit: 1, IsPro: 0

COMMAND LINE ARGUMENTS:
M:\Applications\Unity\Hub\Editor\2020.3.25f1\Editor\Unity.exe
-adb2
-batchMode
-noUpm
-name
AssetImportWorker0
-projectPath
M:/Projects/Unity/WeaponMaster Card Creator
-logFile
Logs/AssetImportWorker0.log
-srvPort
54436
Successfully changed project path to: M:/Projects/Unity/WeaponMaster Card Creator
M:/Projects/Unity/WeaponMaster Card Creator
Using Asset Import Pipeline V2.
Refreshing native plugins compatible for Editor in 50.20 ms, found 3 plugins.
Preloading 0 native plugins for Editor in 0.00 ms.
Initialize engine version: 2020.3.25f1 (9b9180224418)
[Subsystems] Discovering subsystems at path M:/Applications/Unity/Hub/Editor/2020.3.25f1/Editor/Data/Resources/UnitySubsystems
[Subsystems] Discovering subsystems at path M:/Projects/Unity/WeaponMaster Card Creator/Assets
GfxDevice: creating device client; threaded=0
Direct3D:
    Version:  Direct3D 11.0 [level 11.1]
    Renderer: NVIDIA GeForce GTX 1650 (ID=0x1f99)
    Vendor:   
    VRAM:     3962 MB
    Driver:   30.0.14.9729
Initialize mono
Mono path[0] = 'M:/Applications/Unity/Hub/Editor/2020.3.25f1/Editor/Data/Managed'
Mono path[1] = 'M:/Applications/Unity/Hub/Editor/2020.3.25f1/Editor/Data/MonoBleedingEdge/lib/mono/unityjit'
Mono config path = 'M:/Applications/Unity/Hub/Editor/2020.3.25f1/Editor/Data/MonoBleedingEdge/etc'
Using monoOptions --debugger-agent=transport=dt_socket,embedding=1,server=y,suspend=n,address=127.0.0.1:56408
Begin MonoManager ReloadAssembly
Registering precompiled unity dll's ...
Register platform support module: M:/Applications/Unity/Hub/Editor/2020.3.25f1/Editor/Data/PlaybackEngines/WebGLSupport/UnityEditor.WebGL.Extensions.dll
Register platform support module: M:/Applications/Unity/Hub/Editor/2020.3.25f1/Editor/Data/PlaybackEngines/WindowsStandaloneSupport/UnityEditor.WindowsStandalone.Extensions.dll
Registered in 0.001624 seconds.
Native extension for WindowsStandalone target not found
Native extension for WebGL target not found
Refreshing native plugins compatible for Editor in 47.50 ms, found 3 plugins.
Preloading 0 native plugins for Editor in 0.00 ms.
Mono: successfully reloaded assembly
- Completed reload, in  0.655 seconds
Domain Reload Profiling:
	ReloadAssembly (655ms)
		BeginReloadAssembly (81ms)
			ExecutionOrderSort (0ms)
			DisableScriptedObjects (0ms)
			BackupInstance (0ms)
			ReleaseScriptingObjects (0ms)
			CreateAndSetChildDomain (1ms)
		EndReloadAssembly (496ms)
			LoadAssemblies (82ms)
			RebuildTransferFunctionScriptingTraits (0ms)
			SetupTypeCache (166ms)
			ReleaseScriptCaches (0ms)
			RebuildScriptCaches (33ms)
			SetupLoadedEditorAssemblies (192ms)
				LogAssemblyErrors (0ms)
				InitializePlatformSupportModulesInManaged (5ms)
				SetLoadedEditorAssemblies (0ms)
				RefreshPlugins (48ms)
				BeforeProcessingInitializeOnLoad (17ms)
				ProcessInitializeOnLoadAttributes (93ms)
				ProcessInitializeOnLoadMethodAttributes (30ms)
				AfterProcessingInitializeOnLoad (0ms)
				EditorAssembliesLoaded (0ms)
			ExecutionOrderSort2 (0ms)
			AwakeInstancesAfterBackupRestoration (0ms)
Platform modules already initialized, skipping
Registering precompiled user dll's ...
Registered in 0.004364 seconds.
Begin MonoManager ReloadAssembly
Native extension for WindowsStandalone target not found
Native extension for WebGL target not found
Refreshing native plugins compatible for Editor in 51.43 ms, found 3 plugins.
Preloading 0 native plugins for Editor in 0.00 ms.
Mono: successfully reloaded assembly
- Completed reload, in  1.186 seconds
Domain Reload Profiling:
	ReloadAssembly (1187ms)
		BeginReloadAssembly (159ms)
			ExecutionOrderSort (0ms)
			DisableScriptedObjects (5ms)
			BackupInstance (0ms)
			ReleaseScriptingObjects (0ms)
			CreateAndSetChildDomain (20ms)
		EndReloadAssembly (966ms)
			LoadAssemblies (115ms)
			RebuildTransferFunctionScriptingTraits (0ms)
			SetupTypeCache (321ms)
			ReleaseScriptCaches (1ms)
			RebuildScriptCaches (50ms)
			SetupLoadedEditorAssemblies (375ms)
				LogAssemblyErrors (0ms)
				InitializePlatformSupportModulesInManaged (4ms)
				SetLoadedEditorAssemblies (0ms)
				RefreshPlugins (52ms)
				BeforeProcessingInitializeOnLoad (84ms)
				ProcessInitializeOnLoadAttributes (213ms)
				ProcessInitializeOnLoadMethodAttributes (19ms)
				AfterProcessingInitializeOnLoad (3ms)
				EditorAssembliesLoaded (0ms)
			ExecutionOrderSort2 (0ms)
			AwakeInstancesAfterBackupRestoration (7ms)
Platform modules already initialized, skipping
========================================================================
Worker process is ready to serve import requests
Launched and connected shader compiler UnityShaderCompiler.exe after 0.06 seconds
Refreshing native plugins compatible for Editor in 0.68 ms, found 3 plugins.
Preloading 0 native plugins for Editor in 0.00 ms.
Unloading 2211 Unused Serialized files (Serialized files now loaded: 0)
System memory in use before: 98.1 MB.
System memory in use after: 98.2 MB.

Unloading 28 unused Assets to reduce memory usage. Loaded Objects now: 2645.
Total: 3.437100 ms (FindLiveObjects: 0.265500 ms CreateObjectMapping: 0.104900 ms MarkObjects: 2.992300 ms  DeleteObjects: 0.072700 ms)

AssetImportParameters requested are different than current active one (requested -> active):
  custom:framework-win-MediaFoundation: 216162199b28c13a410421893ffa2e32 -> 
  custom:video-decoder-ogg-theora: a1e56fd34408186e4bbccfd4996cb3dc -> 
  custom:container-muxer-webm: aa71ff27fc2769a1b78a27578f13a17b -> 
  custom:container-demuxer-webm: 4f35f7cbe854078d1ac9338744f61a02 -> 
  custom:container-demuxer-ogg: 62fdf1f143b41e24485cea50d1cbac27 -> 
  custom:video-encoder-webm-vp8: eb34c28f22e8b96e1ab97ce403110664 -> 
  custom:video-decoder-webm-vp8: 9c59270c3fd7afecdb556c50c9e8de78 -> 
  custom:audio-decoder-ogg-vorbis: bf7c407c2cedff20999df2af8eb42d56 -> 
  custom:audio-encoder-webm-vorbis: bf7c407c2cedff20999df2af8eb42d56 -> 
========================================================================
Received Import Request.
  path: Assets/Objects/Cards/special1.asset
  artifactKey: Guid(d0fc5d8bfd85ada42962273a47ea9866) Importer(815301076,1909f56bfc062723c751e8b465ee728b)
Start importing Assets/Objects/Cards/special1.asset using Guid(d0fc5d8bfd85ada42962273a47ea9866) Importer(815301076,1909f56bfc062723c751e8b465ee728b)  -> (artifact id: '15e6cf05c331fdae02d68cd76bb7ec57') in 0.030057 seconds 
  Import took 0.035307 seconds .

========================================================================
Received Import Request.
  Time since last request: 8.132976 seconds.
  path: Assets/Objects/Cards/special2.asset
  artifactKey: Guid(82c77eedd52d45b4c8e84aeff6af7176) Importer(815301076,1909f56bfc062723c751e8b465ee728b)
Start importing Assets/Objects/Cards/special2.asset using Guid(82c77eedd52d45b4c8e84aeff6af7176) Importer(815301076,1909f56bfc062723c751e8b465ee728b)  -> (artifact id: 'e86d4298f017cef6e8d853d8474d8045') in 0.002627 seconds 
  Import took 0.006355 seconds .

========================================================================
Received Import Request.
  Time since last request: 5.595504 seconds.
  path: Assets/Objects/Cards/special3.asset
  artifactKey: Guid(9507d79f38fd0584db6bab408298be6e) Importer(815301076,1909f56bfc062723c751e8b465ee728b)
Start importing Assets/Objects/Cards/special3.asset using Guid(9507d79f38fd0584db6bab408298be6e) Importer(815301076,1909f56bfc062723c751e8b465ee728b)  -> (artifact id: '510ab188ee2bb3ad29f8250396996445') in 0.003636 seconds 
  Import took 0.007354 seconds .

========================================================================
Received Import Request.
  Time since last request: 7.119356 seconds.
  path: Assets/Objects/Decks/New Deck.asset
  artifactKey: Guid(fd503f057d93b8f458d3f853d2568b03) Importer(815301076,1909f56bfc062723c751e8b465ee728b)
Start importing Assets/Objects/Decks/New Deck.asset using Guid(fd503f057d93b8f458d3f853d2568b03) Importer(815301076,1909f56bfc062723c751e8b465ee728b)  -> (artifact id: '38d27e8a0378ab90ad32761919c8d6cc') in 0.003566 seconds 
  Import took 0.007497 seconds .

========================================================================
Received Import Request.
  Time since last request: 23.819879 seconds.
  path: Assets/Objects/Actions/Attacks/Throw.asset
  artifactKey: Guid(f8c893f6dd51d9f4ca40bf18abf450f2) Importer(815301076,1909f56bfc062723c751e8b465ee728b)
Start importing Assets/Objects/Actions/Attacks/Throw.asset using Guid(f8c893f6dd51d9f4ca40bf18abf450f2) Importer(815301076,1909f56bfc062723c751e8b465ee728b)  -> (artifact id: '419a4c50aa90437e297afa197d544e78') in 0.003528 seconds 
  Import took 0.018983 seconds .

========================================================================
Received Import Request.
  Time since last request: 71.797436 seconds.
  path: Assets/Objects/Actions/Actions/Shove Down.asset
  artifactKey: Guid(8df7adb368984bd449de841c7cf0cd6c) Importer(815301076,1909f56bfc062723c751e8b465ee728b)
Start importing Assets/Objects/Actions/Actions/Shove Down.asset using Guid(8df7adb368984bd449de841c7cf0cd6c) Importer(815301076,1909f56bfc062723c751e8b465ee728b)  -> (artifact id: 'e1cbdeb27150917d448cfed760a7d250') in 0.003686 seconds 
  Import took 0.007755 seconds .

========================================================================
Received Import Request.
  Time since last request: 9.019702 seconds.
  path: Assets/Objects/Actions/Actions/Shove Down.asset
  artifactKey: Guid(8df7adb368984bd449de841c7cf0cd6c) Importer(815301076,1909f56bfc062723c751e8b465ee728b)
Start importing Assets/Objects/Actions/Actions/Shove Down.asset using Guid(8df7adb368984bd449de841c7cf0cd6c) Importer(815301076,1909f56bfc062723c751e8b465ee728b)  -> (artifact id: '9d1c76142df65b993d79cea1b8df988c') in 0.002999 seconds 
  Import took 0.007577 seconds .

========================================================================
Received Import Request.
  Time since last request: 170.619151 seconds.
  path: Assets/Objects/Cards/special2.asset
  artifactKey: Guid(82c77eedd52d45b4c8e84aeff6af7176) Importer(815301076,1909f56bfc062723c751e8b465ee728b)
Start importing Assets/Objects/Cards/special2.asset using Guid(82c77eedd52d45b4c8e84aeff6af7176) Importer(815301076,1909f56bfc062723c751e8b465ee728b)  -> (artifact id: 'b4c32ad75c4dc4768a2518c77c8361bb') in 0.014359 seconds 
  Import took 0.018341 seconds .

========================================================================
Received Import Request.
  Time since last request: 5.736674 seconds.
  path: Assets/Objects/Cards/special3.asset
  artifactKey: Guid(9507d79f38fd0584db6bab408298be6e) Importer(815301076,1909f56bfc062723c751e8b465ee728b)
Start importing Assets/Objects/Cards/special3.asset using Guid(9507d79f38fd0584db6bab408298be6e) Importer(815301076,1909f56bfc062723c751e8b465ee728b)  -> (artifact id: '46f08bb591b4aa561cb656507b9f35d0') in 0.003706 seconds 
  Import took 0.028986 seconds .

========================================================================
Received Prepare
Registering precompiled user dll's ...
Registered in 0.004887 seconds.
Begin MonoManager ReloadAssembly
Native extension for WindowsStandalone target not found
Native extension for WebGL target not found
Refreshing native plugins compatible for Editor in 0.58 ms, found 3 plugins.
Preloading 0 native plugins for Editor in 0.00 ms.
Mono: successfully reloaded assembly
- Completed reload, in  1.071 seconds
Domain Reload Profiling:
	ReloadAssembly (1072ms)
		BeginReloadAssembly (144ms)
			ExecutionOrderSort (0ms)
			DisableScriptedObjects (6ms)
			BackupInstance (0ms)
			ReleaseScriptingObjects (0ms)
			CreateAndSetChildDomain (38ms)
		EndReloadAssembly (866ms)
			LoadAssemblies (116ms)
			RebuildTransferFunctionScriptingTraits (0ms)
			SetupTypeCache (313ms)
			ReleaseScriptCaches (1ms)
			RebuildScriptCaches (45ms)
			SetupLoadedEditorAssemblies (312ms)
				LogAssemblyErrors (0ms)
				InitializePlatformSupportModulesInManaged (5ms)
				SetLoadedEditorAssemblies (0ms)
				RefreshPlugins (1ms)
				BeforeProcessingInitializeOnLoad (81ms)
				ProcessInitializeOnLoadAttributes (209ms)
				ProcessInitializeOnLoadMethodAttributes (14ms)
				AfterProcessingInitializeOnLoad (2ms)
				EditorAssembliesLoaded (0ms)
			ExecutionOrderSort2 (0ms)
			AwakeInstancesAfterBackupRestoration (9ms)
Platform modules already initialized, skipping
Refreshing native plugins compatible for Editor in 0.80 ms, found 3 plugins.
Preloading 0 native plugins for Editor in 0.00 ms.
Unloading 2187 Unused Serialized files (Serialized files now loaded: 0)
System memory in use before: 96.2 MB.
System memory in use after: 96.3 MB.

Unloading 17 unused Assets to reduce memory usage. Loaded Objects now: 2647.
Total: 3.175600 ms (FindLiveObjects: 0.194800 ms CreateObjectMapping: 0.053200 ms MarkObjects: 2.907000 ms  DeleteObjects: 0.019300 ms)

AssetImportParameters requested are different than current active one (requested -> active):
  custom:framework-win-MediaFoundation: 216162199b28c13a410421893ffa2e32 -> 
  custom:video-decoder-ogg-theora: a1e56fd34408186e4bbccfd4996cb3dc -> 
  custom:container-muxer-webm: aa71ff27fc2769a1b78a27578f13a17b -> 
  custom:container-demuxer-webm: 4f35f7cbe854078d1ac9338744f61a02 -> 
  custom:container-demuxer-ogg: 62fdf1f143b41e24485cea50d1cbac27 -> 
  custom:video-encoder-webm-vp8: eb34c28f22e8b96e1ab97ce403110664 -> 
  custom:video-decoder-webm-vp8: 9c59270c3fd7afecdb556c50c9e8de78 -> 
  custom:audio-decoder-ogg-vorbis: bf7c407c2cedff20999df2af8eb42d56 -> 
  custom:audio-encoder-webm-vorbis: bf7c407c2cedff20999df2af8eb42d56 -> 
========================================================================
Received Import Request.
  Time since last request: 19.833712 seconds.
  path: Assets/Objects/Cards/special2.asset
  artifactKey: Guid(82c77eedd52d45b4c8e84aeff6af7176) Importer(815301076,1909f56bfc062723c751e8b465ee728b)
Start importing Assets/Objects/Cards/special2.asset using Guid(82c77eedd52d45b4c8e84aeff6af7176) Importer(815301076,1909f56bfc062723c751e8b465ee728b)  -> (artifact id: '8e98adeaf1380abfdea48fb8e9decc31') in 0.017712 seconds 
  Import took 0.021742 seconds .

========================================================================
Received Prepare
Registering precompiled user dll's ...
Registered in 0.005148 seconds.
Begin MonoManager ReloadAssembly
Native extension for WindowsStandalone target not found
Native extension for WebGL target not found
Refreshing native plugins compatible for Editor in 0.70 ms, found 3 plugins.
Preloading 0 native plugins for Editor in 0.00 ms.
Mono: successfully reloaded assembly
- Completed reload, in  1.133 seconds
Domain Reload Profiling:
	ReloadAssembly (1133ms)
		BeginReloadAssembly (135ms)
			ExecutionOrderSort (0ms)
			DisableScriptedObjects (6ms)
			BackupInstance (0ms)
			ReleaseScriptingObjects (0ms)
			CreateAndSetChildDomain (38ms)
		EndReloadAssembly (914ms)
			LoadAssemblies (145ms)
			RebuildTransferFunctionScriptingTraits (0ms)
			SetupTypeCache (332ms)
			ReleaseScriptCaches (2ms)
			RebuildScriptCaches (45ms)
			SetupLoadedEditorAssemblies (314ms)
				LogAssemblyErrors (0ms)
				InitializePlatformSupportModulesInManaged (5ms)
				SetLoadedEditorAssemblies (1ms)
				RefreshPlugins (1ms)
				BeforeProcessingInitializeOnLoad (80ms)
				ProcessInitializeOnLoadAttributes (213ms)
				ProcessInitializeOnLoadMethodAttributes (11ms)
				AfterProcessingInitializeOnLoad (3ms)
				EditorAssembliesLoaded (0ms)
			ExecutionOrderSort2 (0ms)
			AwakeInstancesAfterBackupRestoration (9ms)
Platform modules already initialized, skipping
Refreshing native plugins compatible for Editor in 0.81 ms, found 3 plugins.
Preloading 0 native plugins for Editor in 0.00 ms.
Unloading 2187 Unused Serialized files (Serialized files now loaded: 0)
System memory in use before: 96.2 MB.
System memory in use after: 96.4 MB.

Unloading 17 unused Assets to reduce memory usage. Loaded Objects now: 2649.
Total: 3.693600 ms (FindLiveObjects: 0.232100 ms CreateObjectMapping: 0.055700 ms MarkObjects: 3.381400 ms  DeleteObjects: 0.022500 ms)

AssetImportParameters requested are different than current active one (requested -> active):
  custom:framework-win-MediaFoundation: 216162199b28c13a410421893ffa2e32 -> 
  custom:video-decoder-ogg-theora: a1e56fd34408186e4bbccfd4996cb3dc -> 
  custom:container-muxer-webm: aa71ff27fc2769a1b78a27578f13a17b -> 
  custom:container-demuxer-webm: 4f35f7cbe854078d1ac9338744f61a02 -> 
  custom:container-demuxer-ogg: 62fdf1f143b41e24485cea50d1cbac27 -> 
  custom:video-encoder-webm-vp8: eb34c28f22e8b96e1ab97ce403110664 -> 
  custom:video-decoder-webm-vp8: 9c59270c3fd7afecdb556c50c9e8de78 -> 
  custom:audio-decoder-ogg-vorbis: bf7c407c2cedff20999df2af8eb42d56 -> 
  custom:audio-encoder-webm-vorbis: bf7c407c2cedff20999df2af8eb42d56 -> 
AssetImportWorkerClient::OnTransportError - code=2 error=End of file
