Using pre-set license
Built from '2020.3/staging' branch; Version is '2020.3.25f1 (9b9180224418) revision 10195328'; Using compiler version '192528614'; Build Type 'Release'
OS: 'Windows 10  (10.0.19044) 64bit Core' Language: 'en' Physical Memory: 16253 MB
BatchMode: 1, IsHumanControllingUs: 0, StartBugReporterOnCrash: 0, Is64bit: 1, IsPro: 0

COMMAND LINE ARGUMENTS:
M:\Applications\Unity\Hub\Editor\2020.3.25f1\Editor\Unity.exe
-adb2
-batchMode
-noUpm
-name
AssetImportWorker0
-projectPath
M:/Projects/Unity/WeaponMaster Card Creator
-logFile
Logs/AssetImportWorker0.log
-srvPort
54560
Successfully changed project path to: M:/Projects/Unity/WeaponMaster Card Creator
M:/Projects/Unity/WeaponMaster Card Creator
Using Asset Import Pipeline V2.
Refreshing native plugins compatible for Editor in 46.88 ms, found 3 plugins.
Preloading 0 native plugins for Editor in 0.00 ms.
Initialize engine version: 2020.3.25f1 (9b9180224418)
[Subsystems] Discovering subsystems at path M:/Applications/Unity/Hub/Editor/2020.3.25f1/Editor/Data/Resources/UnitySubsystems
[Subsystems] Discovering subsystems at path M:/Projects/Unity/WeaponMaster Card Creator/Assets
GfxDevice: creating device client; threaded=0
Direct3D:
    Version:  Direct3D 11.0 [level 11.1]
    Renderer: NVIDIA GeForce GTX 1650 (ID=0x1f99)
    Vendor:   
    VRAM:     3962 MB
    Driver:   30.0.14.9729
Initialize mono
Mono path[0] = 'M:/Applications/Unity/Hub/Editor/2020.3.25f1/Editor/Data/Managed'
Mono path[1] = 'M:/Applications/Unity/Hub/Editor/2020.3.25f1/Editor/Data/MonoBleedingEdge/lib/mono/unityjit'
Mono config path = 'M:/Applications/Unity/Hub/Editor/2020.3.25f1/Editor/Data/MonoBleedingEdge/etc'
Using monoOptions --debugger-agent=transport=dt_socket,embedding=1,server=y,suspend=n,address=127.0.0.1:56068
Begin MonoManager ReloadAssembly
Registering precompiled unity dll's ...
Register platform support module: M:/Applications/Unity/Hub/Editor/2020.3.25f1/Editor/Data/PlaybackEngines/WebGLSupport/UnityEditor.WebGL.Extensions.dll
Register platform support module: M:/Applications/Unity/Hub/Editor/2020.3.25f1/Editor/Data/PlaybackEngines/WindowsStandaloneSupport/UnityEditor.WindowsStandalone.Extensions.dll
Registered in 0.001485 seconds.
Native extension for WindowsStandalone target not found
Native extension for WebGL target not found
Refreshing native plugins compatible for Editor in 43.13 ms, found 3 plugins.
Preloading 0 native plugins for Editor in 0.00 ms.
Mono: successfully reloaded assembly
- Completed reload, in  0.569 seconds
Domain Reload Profiling:
	ReloadAssembly (569ms)
		BeginReloadAssembly (68ms)
			ExecutionOrderSort (0ms)
			DisableScriptedObjects (0ms)
			BackupInstance (0ms)
			ReleaseScriptingObjects (0ms)
			CreateAndSetChildDomain (1ms)
		EndReloadAssembly (436ms)
			LoadAssemblies (68ms)
			RebuildTransferFunctionScriptingTraits (0ms)
			SetupTypeCache (145ms)
			ReleaseScriptCaches (0ms)
			RebuildScriptCaches (28ms)
			SetupLoadedEditorAssemblies (173ms)
				LogAssemblyErrors (0ms)
				InitializePlatformSupportModulesInManaged (6ms)
				SetLoadedEditorAssemblies (0ms)
				RefreshPlugins (43ms)
				BeforeProcessingInitializeOnLoad (16ms)
				ProcessInitializeOnLoadAttributes (79ms)
				ProcessInitializeOnLoadMethodAttributes (29ms)
				AfterProcessingInitializeOnLoad (0ms)
				EditorAssembliesLoaded (0ms)
			ExecutionOrderSort2 (0ms)
			AwakeInstancesAfterBackupRestoration (0ms)
Platform modules already initialized, skipping
Registering precompiled user dll's ...
Registered in 0.004364 seconds.
Begin MonoManager ReloadAssembly
Native extension for WindowsStandalone target not found
Native extension for WebGL target not found
Refreshing native plugins compatible for Editor in 45.38 ms, found 3 plugins.
Preloading 0 native plugins for Editor in 0.00 ms.
Mono: successfully reloaded assembly
- Completed reload, in  1.110 seconds
Domain Reload Profiling:
	ReloadAssembly (1111ms)
		BeginReloadAssembly (142ms)
			ExecutionOrderSort (0ms)
			DisableScriptedObjects (4ms)
			BackupInstance (0ms)
			ReleaseScriptingObjects (0ms)
			CreateAndSetChildDomain (19ms)
		EndReloadAssembly (914ms)
			LoadAssemblies (104ms)
			RebuildTransferFunctionScriptingTraits (0ms)
			SetupTypeCache (303ms)
			ReleaseScriptCaches (0ms)
			RebuildScriptCaches (45ms)
			SetupLoadedEditorAssemblies (355ms)
				LogAssemblyErrors (0ms)
				InitializePlatformSupportModulesInManaged (4ms)
				SetLoadedEditorAssemblies (0ms)
				RefreshPlugins (45ms)
				BeforeProcessingInitializeOnLoad (75ms)
				ProcessInitializeOnLoadAttributes (208ms)
				ProcessInitializeOnLoadMethodAttributes (19ms)
				AfterProcessingInitializeOnLoad (3ms)
				EditorAssembliesLoaded (0ms)
			ExecutionOrderSort2 (0ms)
			AwakeInstancesAfterBackupRestoration (6ms)
Platform modules already initialized, skipping
========================================================================
Worker process is ready to serve import requests
Launched and connected shader compiler UnityShaderCompiler.exe after 0.04 seconds
Refreshing native plugins compatible for Editor in 0.71 ms, found 3 plugins.
Preloading 0 native plugins for Editor in 0.00 ms.
Unloading 2211 Unused Serialized files (Serialized files now loaded: 0)
System memory in use before: 98.1 MB.
System memory in use after: 98.2 MB.

Unloading 28 unused Assets to reduce memory usage. Loaded Objects now: 2645.
Total: 3.038600 ms (FindLiveObjects: 0.213400 ms CreateObjectMapping: 0.079900 ms MarkObjects: 2.675600 ms  DeleteObjects: 0.068700 ms)

AssetImportParameters requested are different than current active one (requested -> active):
  custom:framework-win-MediaFoundation: 216162199b28c13a410421893ffa2e32 -> 
  custom:video-decoder-ogg-theora: a1e56fd34408186e4bbccfd4996cb3dc -> 
  custom:container-muxer-webm: aa71ff27fc2769a1b78a27578f13a17b -> 
  custom:container-demuxer-webm: 4f35f7cbe854078d1ac9338744f61a02 -> 
  custom:container-demuxer-ogg: 62fdf1f143b41e24485cea50d1cbac27 -> 
  custom:video-encoder-webm-vp8: eb34c28f22e8b96e1ab97ce403110664 -> 
  custom:video-decoder-webm-vp8: 9c59270c3fd7afecdb556c50c9e8de78 -> 
  custom:audio-decoder-ogg-vorbis: bf7c407c2cedff20999df2af8eb42d56 -> 
  custom:audio-encoder-webm-vorbis: bf7c407c2cedff20999df2af8eb42d56 -> 
========================================================================
Received Import Request.
  path: Assets/Objects/Decks/Halberd Starter.asset
  artifactKey: Guid(9a1e0a64603a6d041a099114f223814e) Importer(815301076,1909f56bfc062723c751e8b465ee728b)
Start importing Assets/Objects/Decks/Halberd Starter.asset using Guid(9a1e0a64603a6d041a099114f223814e) Importer(815301076,1909f56bfc062723c751e8b465ee728b)  -> (artifact id: 'eac2765ea0bb32d05d61a0630f5e6cc8') in 0.047379 seconds 
  Import took 0.051059 seconds .

========================================================================
Received Import Request.
  Time since last request: 10.595486 seconds.
  path: Assets/Objects/Decks/Longsword Starter.asset
  artifactKey: Guid(7c3846fdc8af90748b05af389d767c7a) Importer(815301076,1909f56bfc062723c751e8b465ee728b)
Start importing Assets/Objects/Decks/Longsword Starter.asset using Guid(7c3846fdc8af90748b05af389d767c7a) Importer(815301076,1909f56bfc062723c751e8b465ee728b)  -> (artifact id: 'bb2d7c89521cae5bc09ac64aeb482f72') in 0.002869 seconds 
  Import took 0.006153 seconds .

========================================================================
Received Import Request.
  Time since last request: 34.727545 seconds.
  path: Assets/Objects/Decks/Halberd_Train.asset
  artifactKey: Guid(be5f24f10bbe89b4589d8b649eae99bb) Importer(815301076,1909f56bfc062723c751e8b465ee728b)
Start importing Assets/Objects/Decks/Halberd_Train.asset using Guid(be5f24f10bbe89b4589d8b649eae99bb) Importer(815301076,1909f56bfc062723c751e8b465ee728b)  -> (artifact id: 'e250fdc947e9bab604fc07b907f87e8d') in 0.003273 seconds 
  Import took 0.007096 seconds .

========================================================================
Received Import Request.
  Time since last request: 18.670217 seconds.
  path: Assets/Objects/Decks/Longsword_Train.asset
  artifactKey: Guid(f8c669db675bdf649ac1a8d07d636f11) Importer(815301076,1909f56bfc062723c751e8b465ee728b)
Start importing Assets/Objects/Decks/Longsword_Train.asset using Guid(f8c669db675bdf649ac1a8d07d636f11) Importer(815301076,1909f56bfc062723c751e8b465ee728b)  -> (artifact id: 'aa6b5d66ffc85fee5ae9cbd2300c67c9') in 0.009472 seconds 
  Import took 0.013995 seconds .

========================================================================
Received Import Request.
  Time since last request: 18.981421 seconds.
  path: Assets/Objects/Decks/SwordBuckler Start.asset
  artifactKey: Guid(7652c9cb72213284a80f8735e2155d44) Importer(815301076,1909f56bfc062723c751e8b465ee728b)
Start importing Assets/Objects/Decks/SwordBuckler Start.asset using Guid(7652c9cb72213284a80f8735e2155d44) Importer(815301076,1909f56bfc062723c751e8b465ee728b)  -> (artifact id: 'e5866d81e35d5c7f34eded56d63cd84c') in 0.002943 seconds 
  Import took 0.016775 seconds .

========================================================================
Received Import Request.
  Time since last request: 9.866701 seconds.
  path: Assets/Objects/Decks/SwordBuckler Starter.asset
  artifactKey: Guid(7652c9cb72213284a80f8735e2155d44) Importer(815301076,1909f56bfc062723c751e8b465ee728b)
Start importing Assets/Objects/Decks/SwordBuckler Starter.asset using Guid(7652c9cb72213284a80f8735e2155d44) Importer(815301076,1909f56bfc062723c751e8b465ee728b)  -> (artifact id: '0f9db75abb944945e40e52563ebc763e') in 0.003486 seconds 
  Import took 0.007679 seconds .

========================================================================
Received Import Request.
  Time since last request: 17.656781 seconds.
  path: Assets/Objects/Decks/SwordBuckler Train.asset
  artifactKey: Guid(abd72eb0e4d67a844955ca82c6a73290) Importer(815301076,1909f56bfc062723c751e8b465ee728b)
Start importing Assets/Objects/Decks/SwordBuckler Train.asset using Guid(abd72eb0e4d67a844955ca82c6a73290) Importer(815301076,1909f56bfc062723c751e8b465ee728b)  -> (artifact id: '9f6a193513dbb700d73b6708230e08d2') in 0.003942 seconds 
  Import took 0.007853 seconds .

========================================================================
Received Import Request.
  Time since last request: 31.586650 seconds.
  path: Assets/Objects/Decks/New Deck.asset
  artifactKey: Guid(a28fb32811ce397488ffa04465e46d8a) Importer(815301076,1909f56bfc062723c751e8b465ee728b)
Start importing Assets/Objects/Decks/New Deck.asset using Guid(a28fb32811ce397488ffa04465e46d8a) Importer(815301076,1909f56bfc062723c751e8b465ee728b)  -> (artifact id: 'af06ddc37d2af03004ab0acb799de7c3') in 0.003318 seconds 
  Import took 0.007211 seconds .

========================================================================
Received Import Request.
  Time since last request: 13.233090 seconds.
  path: Assets/Objects/Decks/HalbirdDeck.asset
  artifactKey: Guid(322a009d6b0fdf547bb09272f78645ac) Importer(815301076,1909f56bfc062723c751e8b465ee728b)
Start importing Assets/Objects/Decks/HalbirdDeck.asset using Guid(322a009d6b0fdf547bb09272f78645ac) Importer(815301076,1909f56bfc062723c751e8b465ee728b)  -> (artifact id: '8e2f9f4389b3ebf21cc3acd3e8bf7b46') in 0.003033 seconds 
  Import took 0.006834 seconds .

========================================================================
Received Import Request.
  Time since last request: 12.931364 seconds.
  path: Assets/Objects/Decks/LongswordDeck.asset
  artifactKey: Guid(f135bd7feb281624f8ce6e422167c780) Importer(815301076,1909f56bfc062723c751e8b465ee728b)
Start importing Assets/Objects/Decks/LongswordDeck.asset using Guid(f135bd7feb281624f8ce6e422167c780) Importer(815301076,1909f56bfc062723c751e8b465ee728b)  -> (artifact id: '089c63ffb72f2d7445104b9c553bd936') in 0.003713 seconds 
  Import took 0.008574 seconds .

========================================================================
Received Import Request.
  Time since last request: 21.922887 seconds.
  path: Assets/Objects/Decks/SwordBucklerDeck.asset
  artifactKey: Guid(14a44ceb1b5cfe149a16c73500f5d14a) Importer(815301076,1909f56bfc062723c751e8b465ee728b)
Start importing Assets/Objects/Decks/SwordBucklerDeck.asset using Guid(14a44ceb1b5cfe149a16c73500f5d14a) Importer(815301076,1909f56bfc062723c751e8b465ee728b)  -> (artifact id: '9cf3791b58428cf5980d548f996b2410') in 0.004398 seconds 
  Import took 0.016727 seconds .

========================================================================
Received Import Request.
  Time since last request: 10.261961 seconds.
  path: Assets/Objects/Decks/SabreDeck.asset
  artifactKey: Guid(20d7218399bd1384c88e7f5845b1f752) Importer(815301076,1909f56bfc062723c751e8b465ee728b)
Start importing Assets/Objects/Decks/SabreDeck.asset using Guid(20d7218399bd1384c88e7f5845b1f752) Importer(815301076,1909f56bfc062723c751e8b465ee728b)  -> (artifact id: '6bf6bac2feb3fcd6b91a713cbebb426a') in 0.003038 seconds 
  Import took 0.006708 seconds .

========================================================================
Received Import Request.
  Time since last request: 42.155069 seconds.
  path: Assets/Objects/Cards/Generic
  artifactKey: Guid(f5d4b9b9fe32003488d8a4ed1406ff85) Importer(815301076,1909f56bfc062723c751e8b465ee728b)
Start importing Assets/Objects/Cards/Generic using Guid(f5d4b9b9fe32003488d8a4ed1406ff85) Importer(815301076,1909f56bfc062723c751e8b465ee728b)  -> (artifact id: '57d8d37b63251f75f9affd4795d46f1c') in 0.005716 seconds 
  Import took 0.009157 seconds .

========================================================================
Received Import Request.
  Time since last request: 8.123885 seconds.
  path: Assets/Objects/Cards/SwordShild
  artifactKey: Guid(556e4980164c40e4790a5d1e39acea5e) Importer(815301076,1909f56bfc062723c751e8b465ee728b)
Start importing Assets/Objects/Cards/SwordShild using Guid(556e4980164c40e4790a5d1e39acea5e) Importer(815301076,1909f56bfc062723c751e8b465ee728b)  -> (artifact id: 'bf42aab61fee1ac40f3b2feab5506874') in 0.002799 seconds 
  Import took 0.006200 seconds .

========================================================================
Received Import Request.
  Time since last request: 4.584994 seconds.
  path: Assets/Objects/Cards/SwordShield
  artifactKey: Guid(556e4980164c40e4790a5d1e39acea5e) Importer(815301076,1909f56bfc062723c751e8b465ee728b)
Start importing Assets/Objects/Cards/SwordShield using Guid(556e4980164c40e4790a5d1e39acea5e) Importer(815301076,1909f56bfc062723c751e8b465ee728b)  -> (artifact id: 'fd8e612f63f8a8d9c88c1b90573cf38e') in 0.002529 seconds 
  Import took 0.006480 seconds .

========================================================================
Received Import Request.
  Time since last request: 8.973159 seconds.
  path: Assets/Objects/Cards/SwordBuckler
  artifactKey: Guid(556e4980164c40e4790a5d1e39acea5e) Importer(815301076,1909f56bfc062723c751e8b465ee728b)
Start importing Assets/Objects/Cards/SwordBuckler using Guid(556e4980164c40e4790a5d1e39acea5e) Importer(815301076,1909f56bfc062723c751e8b465ee728b)  -> (artifact id: '514fbe6bd7061b02840faeb6088bc77e') in 0.002147 seconds 
  Import took 0.005437 seconds .

========================================================================
Received Import Request.
  Time since last request: 7.531817 seconds.
  path: Assets/Objects/Cards/Halberd
  artifactKey: Guid(b7e85a86070a17c46ad98da8d81c45ae) Importer(815301076,1909f56bfc062723c751e8b465ee728b)
Start importing Assets/Objects/Cards/Halberd using Guid(b7e85a86070a17c46ad98da8d81c45ae) Importer(815301076,1909f56bfc062723c751e8b465ee728b)  -> (artifact id: 'b29ec34470999688ec3f99c274b6114d') in 0.003564 seconds 
  Import took 0.007735 seconds .

========================================================================
Received Import Request.
  Time since last request: 46.412709 seconds.
  path: Assets/Objects/Cards/Sabere
  artifactKey: Guid(bf1db64102fed9a4c96e3c0758f0e130) Importer(815301076,1909f56bfc062723c751e8b465ee728b)
Start importing Assets/Objects/Cards/Sabere using Guid(bf1db64102fed9a4c96e3c0758f0e130) Importer(815301076,1909f56bfc062723c751e8b465ee728b)  -> (artifact id: 'a192002072eeac930fba8a2e7c57942b') in 0.003216 seconds 
  Import took 0.007182 seconds .

========================================================================
Received Import Request.
  Time since last request: 32.362685 seconds.
  path: Assets/Objects/Cards/Longsword
  artifactKey: Guid(d8065543349e40e428650b4065c48d63) Importer(815301076,1909f56bfc062723c751e8b465ee728b)
Start importing Assets/Objects/Cards/Longsword using Guid(d8065543349e40e428650b4065c48d63) Importer(815301076,1909f56bfc062723c751e8b465ee728b)  -> (artifact id: '815786f420fa45d21cff069645b243f5') in 0.003952 seconds 
  Import took 0.007727 seconds .

========================================================================
Received Import Request.
  Time since last request: 5601.000391 seconds.
  path: Assets/Objects/Actions/Actions
  artifactKey: Guid(2a1153cbf524a7149885a107b8072522) Importer(815301076,1909f56bfc062723c751e8b465ee728b)
Start importing Assets/Objects/Actions/Actions using Guid(2a1153cbf524a7149885a107b8072522) Importer(815301076,1909f56bfc062723c751e8b465ee728b)  -> (artifact id: '0bbbab5e7414139b13f3265bca529287') in 0.002116 seconds 
  Import took 0.006027 seconds .

========================================================================
Received Import Request.
  Time since last request: 89.111427 seconds.
  path: Assets/Objects/Actions/Actions/New Action.asset
  artifactKey: Guid(7522e82b1beba0846b1fd687c8aca696) Importer(815301076,1909f56bfc062723c751e8b465ee728b)
Start importing Assets/Objects/Actions/Actions/New Action.asset using Guid(7522e82b1beba0846b1fd687c8aca696) Importer(815301076,1909f56bfc062723c751e8b465ee728b)  -> (artifact id: 'f0e214e71bb95b80b5af2f3cf6381c72') in 0.003599 seconds 
  Import took 0.007378 seconds .

========================================================================
Received Prepare
Registering precompiled user dll's ...
Registered in 0.004991 seconds.
Begin MonoManager ReloadAssembly
Native extension for WindowsStandalone target not found
Native extension for WebGL target not found
Refreshing native plugins compatible for Editor in 0.51 ms, found 3 plugins.
Preloading 0 native plugins for Editor in 0.00 ms.
Mono: successfully reloaded assembly
- Completed reload, in  1.058 seconds
Domain Reload Profiling:
	ReloadAssembly (1059ms)
		BeginReloadAssembly (154ms)
			ExecutionOrderSort (0ms)
			DisableScriptedObjects (8ms)
			BackupInstance (0ms)
			ReleaseScriptingObjects (0ms)
			CreateAndSetChildDomain (48ms)
		EndReloadAssembly (840ms)
			LoadAssemblies (117ms)
			RebuildTransferFunctionScriptingTraits (0ms)
			SetupTypeCache (308ms)
			ReleaseScriptCaches (1ms)
			RebuildScriptCaches (44ms)
			SetupLoadedEditorAssemblies (295ms)
				LogAssemblyErrors (0ms)
				InitializePlatformSupportModulesInManaged (6ms)
				SetLoadedEditorAssemblies (1ms)
				RefreshPlugins (1ms)
				BeforeProcessingInitializeOnLoad (76ms)
				ProcessInitializeOnLoadAttributes (197ms)
				ProcessInitializeOnLoadMethodAttributes (11ms)
				AfterProcessingInitializeOnLoad (2ms)
				EditorAssembliesLoaded (0ms)
			ExecutionOrderSort2 (0ms)
			AwakeInstancesAfterBackupRestoration (9ms)
Platform modules already initialized, skipping
Refreshing native plugins compatible for Editor in 0.55 ms, found 3 plugins.
Preloading 0 native plugins for Editor in 0.00 ms.
Unloading 2187 Unused Serialized files (Serialized files now loaded: 0)
System memory in use before: 96.2 MB.
System memory in use after: 96.3 MB.

Unloading 17 unused Assets to reduce memory usage. Loaded Objects now: 2647.
Total: 3.429200 ms (FindLiveObjects: 0.198800 ms CreateObjectMapping: 0.056400 ms MarkObjects: 3.149400 ms  DeleteObjects: 0.022600 ms)

AssetImportParameters requested are different than current active one (requested -> active):
  custom:framework-win-MediaFoundation: 216162199b28c13a410421893ffa2e32 -> 
  custom:video-decoder-ogg-theora: a1e56fd34408186e4bbccfd4996cb3dc -> 
  custom:container-muxer-webm: aa71ff27fc2769a1b78a27578f13a17b -> 
  custom:container-demuxer-webm: 4f35f7cbe854078d1ac9338744f61a02 -> 
  custom:container-demuxer-ogg: 62fdf1f143b41e24485cea50d1cbac27 -> 
  custom:video-encoder-webm-vp8: eb34c28f22e8b96e1ab97ce403110664 -> 
  custom:video-decoder-webm-vp8: 9c59270c3fd7afecdb556c50c9e8de78 -> 
  custom:audio-decoder-ogg-vorbis: bf7c407c2cedff20999df2af8eb42d56 -> 
  custom:audio-encoder-webm-vorbis: bf7c407c2cedff20999df2af8eb42d56 -> 
========================================================================
Received Import Request.
  Time since last request: 49.421082 seconds.
  path: Assets/Script/ScriptableObject/Action.cs
  artifactKey: Guid(a1f3b337e75815e4d916c5f8187e403f) Importer(815301076,1909f56bfc062723c751e8b465ee728b)
Start importing Assets/Script/ScriptableObject/Action.cs using Guid(a1f3b337e75815e4d916c5f8187e403f) Importer(815301076,1909f56bfc062723c751e8b465ee728b)  -> (artifact id: '7890a0cf7c5dab2a568707ddfba907a9') in 0.009230 seconds 
  Import took 0.013245 seconds .

========================================================================
Received Import Request.
  Time since last request: 11.840136 seconds.
  path: Assets/Objects/Actions/Attacks/Charge.asset
  artifactKey: Guid(3e1f333cd5ca77b4bb035344fb34ae87) Importer(815301076,1909f56bfc062723c751e8b465ee728b)
Start importing Assets/Objects/Actions/Attacks/Charge.asset using Guid(3e1f333cd5ca77b4bb035344fb34ae87) Importer(815301076,1909f56bfc062723c751e8b465ee728b)  -> (artifact id: 'd9bbff91cb708f975a23b31762a9235b') in 0.012307 seconds 
  Import took 0.015701 seconds .

========================================================================
Received Import Request.
  Time since last request: 167.524863 seconds.
  path: Assets/Objects/Actions/Attacks/ShortSwing.asset
  artifactKey: Guid(c3654f7aaf55ce243bc819d95ab59f5e) Importer(815301076,1909f56bfc062723c751e8b465ee728b)
Start importing Assets/Objects/Actions/Attacks/ShortSwing.asset using Guid(c3654f7aaf55ce243bc819d95ab59f5e) Importer(815301076,1909f56bfc062723c751e8b465ee728b)  -> (artifact id: '8bd2b2f33eb71d64ab34fecc2a079387') in 0.004126 seconds 
  Import took 0.008928 seconds .

========================================================================
Received Import Request.
  Time since last request: 127.300116 seconds.
  path: Assets/Objects/Actions/Attacks/New Action.asset
  artifactKey: Guid(0a839017086b7e24fb9376170a5df931) Importer(815301076,1909f56bfc062723c751e8b465ee728b)
Start importing Assets/Objects/Actions/Attacks/New Action.asset using Guid(0a839017086b7e24fb9376170a5df931) Importer(815301076,1909f56bfc062723c751e8b465ee728b)  -> (artifact id: 'edcc74a26c4eb7e8cfff9c8a3ea37bba') in 0.004065 seconds 
  Import took 0.007788 seconds .

========================================================================
Received Import Request.
  Time since last request: 337.258736 seconds.
  path: Assets/Objects/Actions/Attacks/HalfSword.asset
  artifactKey: Guid(0a839017086b7e24fb9376170a5df931) Importer(815301076,1909f56bfc062723c751e8b465ee728b)
Start importing Assets/Objects/Actions/Attacks/HalfSword.asset using Guid(0a839017086b7e24fb9376170a5df931) Importer(815301076,1909f56bfc062723c751e8b465ee728b)  -> (artifact id: '88a0086fb88ba36e10c4816845649dd6') in 0.003283 seconds 
  Import took 0.006841 seconds .

========================================================================
Received Import Request.
  Time since last request: 184.911931 seconds.
  path: Assets/Objects/Actions/Attacks/(4th longsword attack.asset
  artifactKey: Guid(02a8bee9709c26949985793a3e1dc304) Importer(815301076,1909f56bfc062723c751e8b465ee728b)
Start importing Assets/Objects/Actions/Attacks/(4th longsword attack.asset using Guid(02a8bee9709c26949985793a3e1dc304) Importer(815301076,1909f56bfc062723c751e8b465ee728b)  -> (artifact id: 'eeae3a366c406eeecc0efe923025013d') in 0.003918 seconds 
  Import took 0.008365 seconds .

========================================================================
Received Import Request.
  Time since last request: 4.496058 seconds.
  path: Assets/Objects/Actions/Attacks/(4th longsword attack).asset
  artifactKey: Guid(02a8bee9709c26949985793a3e1dc304) Importer(815301076,1909f56bfc062723c751e8b465ee728b)
Start importing Assets/Objects/Actions/Attacks/(4th longsword attack).asset using Guid(02a8bee9709c26949985793a3e1dc304) Importer(815301076,1909f56bfc062723c751e8b465ee728b)  -> (artifact id: '29c8c64a7bcadb226066fcb988a28364') in 0.003934 seconds 
  Import took 0.007454 seconds .

========================================================================
Received Import Request.
  Time since last request: 355.296799 seconds.
  path: Assets/Objects/Actions/Attacks/Moving Thrust.asset
  artifactKey: Guid(62d30f62d5b0dc84da2aec178b46d843) Importer(815301076,1909f56bfc062723c751e8b465ee728b)
Start importing Assets/Objects/Actions/Attacks/Moving Thrust.asset using Guid(62d30f62d5b0dc84da2aec178b46d843) Importer(815301076,1909f56bfc062723c751e8b465ee728b)  -> (artifact id: '57e2c5b400b07b30b94ffd39292c8597') in 0.003415 seconds 
  Import took 0.007491 seconds .

========================================================================
Received Import Request.
  Time since last request: 55.693146 seconds.
  path: Assets/Objects/Actions/Attacks/New Action.asset
  artifactKey: Guid(56f066902c722634687a7ac9c86f1b59) Importer(815301076,1909f56bfc062723c751e8b465ee728b)
Start importing Assets/Objects/Actions/Attacks/New Action.asset using Guid(56f066902c722634687a7ac9c86f1b59) Importer(815301076,1909f56bfc062723c751e8b465ee728b)  -> (artifact id: '98ed51a87547aca106bd79c4cb7ebf19') in 0.004005 seconds 
  Import took 0.008206 seconds .

========================================================================
Received Import Request.
  Time since last request: 24.178095 seconds.
  path: Assets/Objects/Actions/Attacks/Moving Stab.asset
  artifactKey: Guid(56f066902c722634687a7ac9c86f1b59) Importer(815301076,1909f56bfc062723c751e8b465ee728b)
Start importing Assets/Objects/Actions/Attacks/Moving Stab.asset using Guid(56f066902c722634687a7ac9c86f1b59) Importer(815301076,1909f56bfc062723c751e8b465ee728b)  -> (artifact id: '56a204fc2028c0fbe6e38b2eb9c7831d') in 0.004105 seconds 
  Import took 0.007849 seconds .

========================================================================
Received Import Request.
  Time since last request: 6.607996 seconds.
  path: Assets/Objects/Actions/Attacks/Thrust.asset
  artifactKey: Guid(56f066902c722634687a7ac9c86f1b59) Importer(815301076,1909f56bfc062723c751e8b465ee728b)
Start importing Assets/Objects/Actions/Attacks/Thrust.asset using Guid(56f066902c722634687a7ac9c86f1b59) Importer(815301076,1909f56bfc062723c751e8b465ee728b)  -> (artifact id: '4a4984acd92bced3b783a1ba1dd8e6b3') in 0.004036 seconds 
  Import took 0.007314 seconds .

========================================================================
Received Import Request.
  Time since last request: 4.601188 seconds.
  path: Assets/Objects/Actions/Attacks/Moving Stab.asset
  artifactKey: Guid(62d30f62d5b0dc84da2aec178b46d843) Importer(815301076,1909f56bfc062723c751e8b465ee728b)
Start importing Assets/Objects/Actions/Attacks/Moving Stab.asset using Guid(62d30f62d5b0dc84da2aec178b46d843) Importer(815301076,1909f56bfc062723c751e8b465ee728b)  -> (artifact id: 'e4d69d2857b1238889d84f6f8839da15') in 0.006334 seconds 
  Import took 0.010363 seconds .

========================================================================
Received Import Request.
  Time since last request: 59.045639 seconds.
  path: Assets/Objects/Actions/Attacks/New Action.asset
  artifactKey: Guid(123df139720a70647ac2d6cde9c7742e) Importer(815301076,1909f56bfc062723c751e8b465ee728b)
Start importing Assets/Objects/Actions/Attacks/New Action.asset using Guid(123df139720a70647ac2d6cde9c7742e) Importer(815301076,1909f56bfc062723c751e8b465ee728b)  -> (artifact id: '65f976022924d7cb500c527a8aaa3fff') in 0.005216 seconds 
  Import took 0.009829 seconds .

========================================================================
Received Import Request.
  Time since last request: 78.864640 seconds.
  path: Assets/Objects/Actions/Attacks/Shove Back.asset
  artifactKey: Guid(123df139720a70647ac2d6cde9c7742e) Importer(815301076,1909f56bfc062723c751e8b465ee728b)
Start importing Assets/Objects/Actions/Attacks/Shove Back.asset using Guid(123df139720a70647ac2d6cde9c7742e) Importer(815301076,1909f56bfc062723c751e8b465ee728b)  -> (artifact id: '63c1852d2ddb40f5c708155452e1fe7f') in 0.003589 seconds 
  Import took 0.007524 seconds .

========================================================================
Received Import Request.
  Time since last request: 4.337738 seconds.
  path: Assets/Objects/Actions/Attacks/ShoveBack.asset
  artifactKey: Guid(123df139720a70647ac2d6cde9c7742e) Importer(815301076,1909f56bfc062723c751e8b465ee728b)
Start importing Assets/Objects/Actions/Attacks/ShoveBack.asset using Guid(123df139720a70647ac2d6cde9c7742e) Importer(815301076,1909f56bfc062723c751e8b465ee728b)  -> (artifact id: '4e628d56d3aa96ca50a54ecd801de1d4') in 0.003769 seconds 
  Import took 0.006989 seconds .

========================================================================
Received Import Request.
  Time since last request: 6.811354 seconds.
  path: Assets/Objects/Actions/Attacks/MovingStab.asset
  artifactKey: Guid(62d30f62d5b0dc84da2aec178b46d843) Importer(815301076,1909f56bfc062723c751e8b465ee728b)
Start importing Assets/Objects/Actions/Attacks/MovingStab.asset using Guid(62d30f62d5b0dc84da2aec178b46d843) Importer(815301076,1909f56bfc062723c751e8b465ee728b)  -> (artifact id: '2f7326511718963deff6fdab73b94632') in 0.004847 seconds 
  Import took 0.008308 seconds .

========================================================================
Received Import Request.
  Time since last request: 1447.451865 seconds.
  path: Assets/Objects/Actions/Attacks/Charge.asset
  artifactKey: Guid(3e1f333cd5ca77b4bb035344fb34ae87) Importer(815301076,1909f56bfc062723c751e8b465ee728b)
Start importing Assets/Objects/Actions/Attacks/Charge.asset using Guid(3e1f333cd5ca77b4bb035344fb34ae87) Importer(815301076,1909f56bfc062723c751e8b465ee728b)  -> (artifact id: 'e9653d93743fcd64be887ceff37a9f60') in 0.005057 seconds 
  Import took 0.008574 seconds .

========================================================================
Received Import Request.
  Time since last request: 0.000216 seconds.
  path: Assets/Objects/Actions/Attacks/HalfSword.asset
  artifactKey: Guid(0a839017086b7e24fb9376170a5df931) Importer(815301076,1909f56bfc062723c751e8b465ee728b)
Start importing Assets/Objects/Actions/Attacks/HalfSword.asset using Guid(0a839017086b7e24fb9376170a5df931) Importer(815301076,1909f56bfc062723c751e8b465ee728b)  -> (artifact id: '71aeb86c8393bb2ce06cff7e6b16354e') in 0.004790 seconds 
  Import took 0.008214 seconds .

========================================================================
Received Import Request.
  Time since last request: 0.000205 seconds.
  path: Assets/Objects/Actions/Attacks/ShortSwing.asset
  artifactKey: Guid(c3654f7aaf55ce243bc819d95ab59f5e) Importer(815301076,1909f56bfc062723c751e8b465ee728b)
Start importing Assets/Objects/Actions/Attacks/ShortSwing.asset using Guid(c3654f7aaf55ce243bc819d95ab59f5e) Importer(815301076,1909f56bfc062723c751e8b465ee728b)  -> (artifact id: 'a0df4be7d15badd40fc63471362da319') in 0.005227 seconds 
  Import took 0.008503 seconds .

========================================================================
Received Import Request.
  Time since last request: 0.000205 seconds.
  path: Assets/Objects/Actions/Attacks/Thrust.asset
  artifactKey: Guid(56f066902c722634687a7ac9c86f1b59) Importer(815301076,1909f56bfc062723c751e8b465ee728b)
Start importing Assets/Objects/Actions/Attacks/Thrust.asset using Guid(56f066902c722634687a7ac9c86f1b59) Importer(815301076,1909f56bfc062723c751e8b465ee728b)  -> (artifact id: 'fb133579f1ff508fed1de3209583580a') in 0.005252 seconds 
  Import took 0.009367 seconds .

AssetImportWorkerClient::OnTransportError - code=2 error=End of file
